<?xml version="1.0" encoding="UTF-8"?>
<!-- Generated by org.testng.reporters.JUnitReportReporter -->
<testsuite hostname="CBT-CAB3-04" name="Script.Course2.TheThirstyLion" tests="1" failures="0" timestamp="19 Jan 2017 07:29:02 GMT" time="395.925" errors="0">
  <testcase name="game" time="395.925" classname="Script.Course2.TheThirstyLion"/>
</testsuite> <!-- Script.Course2.TheThirstyLion -->
