<?xml version="1.0" encoding="UTF-8"?>
<!-- Generated by org.testng.reporters.JUnitReportReporter -->
<testsuite hostname="CBT-CAB3-04" name="Extra.Course3.Mid1Assessment" tests="1" failures="0" timestamp="17 Jan 2017 07:21:54 GMT" time="100.723" errors="0">
  <testcase name="login" time="100.723" classname="Extra.Course3.Mid1Assessment"/>
</testsuite> <!-- Extra.Course3.Mid1Assessment -->
