<?xml version="1.0" encoding="UTF-8"?>
<!-- Generated by org.testng.reporters.JUnitReportReporter -->
<testsuite hostname="CBT-CAB3-04" name="Script.Course2.TheCakePrincess" tests="1" failures="0" timestamp="19 Jan 2017 08:13:56 GMT" time="622.460" errors="0">
  <testcase name="game" time="622.460" classname="Script.Course2.TheCakePrincess"/>
</testsuite> <!-- Script.Course2.TheCakePrincess -->
