<?xml version="1.0" encoding="UTF-8"?>
<!-- Generated by org.testng.reporters.JUnitReportReporter -->
<testsuite hostname="CBT-CAB3-04" name="Script.Course2.ADayOut" tests="1" failures="0" timestamp="18 Jan 2017 14:09:16 GMT" time="762.707" errors="0">
  <testcase name="game" time="762.707" classname="Script.Course2.ADayOut"/>
</testsuite> <!-- Script.Course2.ADayOut -->
