<?xml version="1.0" encoding="UTF-8"?>
<!-- Generated by org.testng.reporters.JUnitReportReporter -->
<testsuite hostname="CBT-CAB3-04" name="Extra.PostAssessment" tests="1" failures="0" timestamp="17 Jan 2017 06:25:50 GMT" time="122.760" errors="0">
  <testcase name="login" time="122.760" classname="Extra.PostAssessment"/>
</testsuite> <!-- Extra.PostAssessment -->
