<?xml version="1.0" encoding="UTF-8"?>
<!-- Generated by org.testng.reporters.JUnitReportReporter -->
<testsuite hostname="CBT-CAB3-04" name="Script.Course2.VictorMadeAFriend" tests="1" failures="0" timestamp="19 Jan 2017 10:49:39 GMT" time="654.959" errors="0">
  <testcase name="game" time="654.959" classname="Script.Course2.VictorMadeAFriend"/>
</testsuite> <!-- Script.Course2.VictorMadeAFriend -->
