<?xml version="1.0" encoding="UTF-8"?>
<!-- Generated by org.testng.reporters.JUnitReportReporter -->
<testsuite hostname="CBT-CAB3-04" name="Extra.Mid1Assessment" tests="1" failures="0" timestamp="17 Jan 2017 06:35:07 GMT" time="101.252" errors="0">
  <testcase name="login" time="101.252" classname="Extra.Mid1Assessment"/>
</testsuite> <!-- Extra.Mid1Assessment -->
