<?xml version="1.0" encoding="UTF-8"?>
<!-- Generated by org.testng.reporters.JUnitReportReporter -->
<testsuite hostname="CBT-CAB3-04" name="Extra.Course3.PreAssessment" tests="1" failures="0" timestamp="17 Jan 2017 07:27:54 GMT" time="102.459" errors="0">
  <testcase name="login" time="102.459" classname="Extra.Course3.PreAssessment"/>
</testsuite> <!-- Extra.Course3.PreAssessment -->
