<?xml version="1.0" encoding="UTF-8"?>
<!-- Generated by org.testng.reporters.JUnitReportReporter -->
<testsuite hostname="CBT-CAB3-04" name="Extra.Course3.PostAssessment" tests="1" failures="0" timestamp="17 Jan 2017 07:26:00 GMT" time="121.740" errors="0">
  <testcase name="login" time="121.740" classname="Extra.Course3.PostAssessment"/>
</testsuite> <!-- Extra.Course3.PostAssessment -->
