<?xml version="1.0" encoding="UTF-8"?>
<!-- Generated by org.testng.reporters.JUnitReportReporter -->
<testsuite hostname="CBT-CAB3-04" name="Extra.Demo" tests="1" failures="0" timestamp="16 Jan 2017 12:34:59 GMT" time="102.040" errors="0">
  <testcase name="login" time="102.040" classname="Extra.Demo"/>
</testsuite> <!-- Extra.Demo -->
