<?xml version="1.0" encoding="UTF-8"?>
<!-- Generated by org.testng.reporters.JUnitReportReporter -->
<testsuite hostname="CBT-CAB3-04" name="Script.Course2.DeerInTheForest" tests="1" failures="0" timestamp="19 Jan 2017 07:18:18 GMT" time="800.502" errors="0">
  <testcase name="game" time="800.502" classname="Script.Course2.DeerInTheForest"/>
</testsuite> <!-- Script.Course2.DeerInTheForest -->
