<?xml version="1.0" encoding="UTF-8"?>
<!-- Generated by org.testng.reporters.JUnitReportReporter -->
<testsuite hostname="CBT-CAB3-04" name="Script.Course2.WiseCamel" tests="1" failures="0" timestamp="20 Jan 2017 05:46:26 GMT" time="653.142" errors="0">
  <testcase name="game" time="653.142" classname="Script.Course2.WiseCamel"/>
</testsuite> <!-- Script.Course2.WiseCamel -->
