<?xml version="1.0" encoding="UTF-8"?>
<!-- Generated by org.testng.reporters.JUnitReportReporter -->
<testsuite hostname="CBT-CAB3-04" name="Script.Course2.Friends" tests="1" failures="0" timestamp="19 Jan 2017 12:50:23 GMT" time="59.185" errors="0">
  <testcase name="game" time="59.185" classname="Script.Course2.Friends"/>
</testsuite> <!-- Script.Course2.Friends -->
