<?xml version="1.0" encoding="UTF-8"?>
<!-- Generated by org.testng.reporters.JUnitReportReporter -->
<testsuite hostname="CBT-CAB3-04" name="Extra.Course3.Mid2Assessment" tests="1" failures="0" timestamp="17 Jan 2017 07:23:48 GMT" time="101.737" errors="0">
  <testcase name="login" time="101.737" classname="Extra.Course3.Mid2Assessment"/>
</testsuite> <!-- Extra.Course3.Mid2Assessment -->
