<?xml version="1.0" encoding="UTF-8"?>
<!-- Generated by org.testng.reporters.JUnitReportReporter -->
<testsuite hostname="CBT-CAB3-04" name="com.liqvid.scripts.SampleTest" tests="1" failures="0" timestamp="11 Jan 2017 06:14:40 GMT" time="14.644" errors="0">
  <testcase name="verifyLocator" time="14.644" classname="com.liqvid.scripts.SampleTest"/>
</testsuite> <!-- com.liqvid.scripts.SampleTest -->
