<?xml version="1.0" encoding="UTF-8"?>
<!-- Generated by org.testng.reporters.JUnitReportReporter -->
<testsuite hostname="CBT-CAB3-04" name="Extra.Cleaning" tests="1" failures="0" timestamp="16 Jan 2017 13:56:31 GMT" time="69.873" errors="0">
  <testcase name="game" time="69.873" classname="Extra.Cleaning"/>
</testsuite> <!-- Extra.Cleaning -->
