<?xml version="1.0" encoding="UTF-8"?>
<!-- Generated by org.testng.reporters.JUnitReportReporter -->
<testsuite hostname="CBT-CAB3-04" name="Script.Course2.LionHelpedTheFox" tests="1" failures="0" timestamp="18 Jan 2017 13:48:36 GMT" time="724.811" errors="0">
  <testcase name="game" time="724.811" classname="Script.Course2.LionHelpedTheFox"/>
</testsuite> <!-- Script.Course2.LionHelpedTheFox -->
