<?xml version="1.0" encoding="UTF-8"?>
<!-- Generated by org.testng.reporters.JUnitReportReporter -->
<testsuite hostname="CBT-CAB3-04" name="Script.Course2.FramerFoundTheGems" tests="1" failures="0" timestamp="18 Jan 2017 12:59:52 GMT" time="72.588" errors="0">
  <testcase name="game" time="72.588" classname="Script.Course2.FramerFoundTheGems"/>
</testsuite> <!-- Script.Course2.FramerFoundTheGems -->
